<?xml version="1.0" encoding="UTF-8"?>
<!-- Generated by org.testng.reporters.JUnitXMLReporter -->
<testsuite hostname="LAPTOP-S9G1G7KF" ignored="0" name="Surefire test" tests="6" failures="0" timestamp="13 Jul 2019 11:02:12 GMT" time="0.073" errors="0">
  <testcase name="IOSApps" time="0.012" classname="qaclickacademy.AppiumTest"/>
  <testcase name="NativeAppAndroid" time="0.001" classname="qaclickacademy.AppiumTest"/>
  <testcase name="DeleteTwitter" time="0.001" classname="qaclickacademy.RestAPITest"/>
  <testcase name="PostJira" time="0.001" classname="qaclickacademy.RestAPITest"/>
  <testcase name="BrowserAutomation" time="0.001" classname="qaclickacademy.SeleniumTest"/>
  <testcase name="ElementsUI" time="0.001" classname="qaclickacademy.SeleniumTest"/>
</testsuite> <!-- Surefire test -->
