<?xml version="1.0" encoding="UTF-8"?>
<testng-results skipped="0" failed="0" ignored="0" total="6" passed="6">
  <reporter-output>
  </reporter-output>
  <suite name="Suite" duration-ms="53" started-at="2019-07-13T11:27:18Z" finished-at="2019-07-13T11:27:18Z">
    <groups>
    </groups>
    <test name="Test" duration-ms="53" started-at="2019-07-13T11:27:18Z" finished-at="2019-07-13T11:27:18Z">
      <class name="qaclickacademy.AppiumTest">
        <test-method status="PASS" signature="IOSApps()[pri:0, instance:qaclickacademy.AppiumTest@1a407d53]" name="IOSApps" duration-ms="1" started-at="2019-07-13T11:27:18Z" finished-at="2019-07-13T11:27:18Z">
          <reporter-output>
          </reporter-output>
        </test-method> <!-- IOSApps -->
        <test-method status="PASS" signature="NativeAppAndroid()[pri:0, instance:qaclickacademy.AppiumTest@1a407d53]" name="NativeAppAndroid" duration-ms="0" started-at="2019-07-13T11:27:18Z" finished-at="2019-07-13T11:27:18Z">
          <reporter-output>
          </reporter-output>
        </test-method> <!-- NativeAppAndroid -->
      </class> <!-- qaclickacademy.AppiumTest -->
      <class name="qaclickacademy.RestAPITest">
        <test-method status="PASS" signature="PostJira()[pri:0, instance:qaclickacademy.RestAPITest@3498ed]" name="PostJira" duration-ms="2" started-at="2019-07-13T11:27:18Z" finished-at="2019-07-13T11:27:18Z">
          <reporter-output>
          </reporter-output>
        </test-method> <!-- PostJira -->
        <test-method status="PASS" signature="DeleteTwitter()[pri:0, instance:qaclickacademy.RestAPITest@3498ed]" name="DeleteTwitter" duration-ms="0" started-at="2019-07-13T11:27:18Z" finished-at="2019-07-13T11:27:18Z">
          <reporter-output>
          </reporter-output>
        </test-method> <!-- DeleteTwitter -->
      </class> <!-- qaclickacademy.RestAPITest -->
      <class name="qaclickacademy.SeleniumTest">
        <test-method status="PASS" signature="BrowserAutomation()[pri:0, instance:qaclickacademy.SeleniumTest@22f71333]" name="BrowserAutomation" duration-ms="7" started-at="2019-07-13T11:27:18Z" finished-at="2019-07-13T11:27:18Z">
          <reporter-output>
          </reporter-output>
        </test-method> <!-- BrowserAutomation -->
        <test-method status="PASS" signature="ElementsUI()[pri:0, instance:qaclickacademy.SeleniumTest@22f71333]" name="ElementsUI" duration-ms="0" started-at="2019-07-13T11:27:18Z" finished-at="2019-07-13T11:27:18Z">
          <reporter-output>
          </reporter-output>
        </test-method> <!-- ElementsUI -->
      </class> <!-- qaclickacademy.SeleniumTest -->
    </test> <!-- Test -->
  </suite> <!-- Suite -->
</testng-results>
